<?xml version="1.0" encoding="UTF-8"?>
<testsuite xmlns:xsi="http://www.w3.org/2001/XMLSchema-instance" xsi:noNamespaceSchemaLocation="https://maven.apache.org/surefire/maven-surefire-plugin/xsd/surefire-test-report.xsd" name="com.example.AppTest" time="0.128" tests="1" errors="0" skipped="0" failures="0">
  <properties>
    <property name="java.specification.version" value="18"/>
    <property name="sun.jnu.encoding" value="UTF-8"/>
    <property name="java.class.path" value="/Users/padrig/Downloads/BiaNova-Backend-main/demo/target/test-classes:/Users/padrig/Downloads/BiaNova-Backend-main/demo/target/classes:/Users/padrig/.m2/repository/junit/junit/4.11/junit-4.11.jar:/Users/padrig/.m2/repository/org/hamcrest/hamcrest-core/1.3/hamcrest-core-1.3.jar:/Users/padrig/.m2/repository/com/google/code/gson/gson/2.9.0/gson-2.9.0.jar:/Users/padrig/.m2/repository/com/mashape/unirest/unirest-java/1.4.9/unirest-java-1.4.9.jar:/Users/padrig/.m2/repository/org/apache/httpcomponents/httpclient/4.5.2/httpclient-4.5.2.jar:/Users/padrig/.m2/repository/org/apache/httpcomponents/httpcore/4.4.4/httpcore-4.4.4.jar:/Users/padrig/.m2/repository/commons-logging/commons-logging/1.2/commons-logging-1.2.jar:/Users/padrig/.m2/repository/commons-codec/commons-codec/1.9/commons-codec-1.9.jar:/Users/padrig/.m2/repository/org/apache/httpcomponents/httpasyncclient/4.1.1/httpasyncclient-4.1.1.jar:/Users/padrig/.m2/repository/org/apache/httpcomponents/httpcore-nio/4.4.4/httpcore-nio-4.4.4.jar:/Users/padrig/.m2/repository/org/apache/httpcomponents/httpmime/4.5.2/httpmime-4.5.2.jar:/Users/padrig/.m2/repository/org/json/json/20160212/json-20160212.jar:"/>
    <property name="java.vm.vendor" value="Homebrew"/>
    <property name="sun.arch.data.model" value="64"/>
    <property name="java.vendor.url" value="https://github.com/Homebrew/homebrew-core/issues"/>
    <property name="os.name" value="Mac OS X"/>
    <property name="java.vm.specification.version" value="18"/>
    <property name="sun.java.launcher" value="SUN_STANDARD"/>
    <property name="user.country" value="IE"/>
    <property name="sun.boot.library.path" value="/usr/local/Cellar/openjdk/18/libexec/openjdk.jdk/Contents/Home/lib"/>
    <property name="sun.java.command" value="/Users/padrig/Downloads/BiaNova-Backend-main/demo/target/surefire/surefirebooter9144956647364077925.jar /Users/padrig/Downloads/BiaNova-Backend-main/demo/target/surefire 2022-06-23T19-00-21_345-jvmRun1 surefire295618221759813048tmp surefire_012642468952655330765tmp"/>
    <property name="jdk.debug" value="release"/>
    <property name="surefire.test.class.path" value="/Users/padrig/Downloads/BiaNova-Backend-main/demo/target/test-classes:/Users/padrig/Downloads/BiaNova-Backend-main/demo/target/classes:/Users/padrig/.m2/repository/junit/junit/4.11/junit-4.11.jar:/Users/padrig/.m2/repository/org/hamcrest/hamcrest-core/1.3/hamcrest-core-1.3.jar:/Users/padrig/.m2/repository/com/google/code/gson/gson/2.9.0/gson-2.9.0.jar:/Users/padrig/.m2/repository/com/mashape/unirest/unirest-java/1.4.9/unirest-java-1.4.9.jar:/Users/padrig/.m2/repository/org/apache/httpcomponents/httpclient/4.5.2/httpclient-4.5.2.jar:/Users/padrig/.m2/repository/org/apache/httpcomponents/httpcore/4.4.4/httpcore-4.4.4.jar:/Users/padrig/.m2/repository/commons-logging/commons-logging/1.2/commons-logging-1.2.jar:/Users/padrig/.m2/repository/commons-codec/commons-codec/1.9/commons-codec-1.9.jar:/Users/padrig/.m2/repository/org/apache/httpcomponents/httpasyncclient/4.1.1/httpasyncclient-4.1.1.jar:/Users/padrig/.m2/repository/org/apache/httpcomponents/httpcore-nio/4.4.4/httpcore-nio-4.4.4.jar:/Users/padrig/.m2/repository/org/apache/httpcomponents/httpmime/4.5.2/httpmime-4.5.2.jar:/Users/padrig/.m2/repository/org/json/json/20160212/json-20160212.jar:"/>
    <property name="sun.cpu.endian" value="little"/>
    <property name="user.home" value="/Users/padrig"/>
    <property name="user.language" value="en"/>
    <property name="java.specification.vendor" value="Oracle Corporation"/>
    <property name="java.version.date" value="2022-03-22"/>
    <property name="java.home" value="/usr/local/Cellar/openjdk/18/libexec/openjdk.jdk/Contents/Home"/>
    <property name="file.separator" value="/"/>
    <property name="basedir" value="/Users/padrig/Downloads/BiaNova-Backend-main/demo"/>
    <property name="java.vm.compressedOopsMode" value="Zero based"/>
    <property name="line.separator" value="&#10;"/>
    <property name="java.vm.specification.vendor" value="Oracle Corporation"/>
    <property name="java.specification.name" value="Java Platform API Specification"/>
    <property name="apple.awt.application.name" value="ForkedBooter"/>
    <property name="surefire.real.class.path" value="/Users/padrig/Downloads/BiaNova-Backend-main/demo/target/surefire/surefirebooter9144956647364077925.jar"/>
    <property name="sun.management.compiler" value="HotSpot 64-Bit Tiered Compilers"/>
    <property name="java.runtime.version" value="18+0"/>
    <property name="user.name" value="padrig"/>
    <property name="path.separator" value=":"/>
    <property name="os.version" value="10.15.7"/>
    <property name="java.runtime.name" value="OpenJDK Runtime Environment"/>
    <property name="file.encoding" value="UTF-8"/>
    <property name="java.vm.name" value="OpenJDK 64-Bit Server VM"/>
    <property name="java.vendor.version" value="Homebrew"/>
    <property name="localRepository" value="/Users/padrig/.m2/repository"/>
    <property name="java.vendor.url.bug" value="https://github.com/Homebrew/homebrew-core/issues"/>
    <property name="java.io.tmpdir" value="/var/folders/5b/cg9_4cj92cd23sb0qcw7b6s80000gn/T/"/>
    <property name="java.version" value="18"/>
    <property name="user.dir" value="/Users/padrig/Downloads/BiaNova-Backend-main/demo"/>
    <property name="os.arch" value="x86_64"/>
    <property name="java.vm.specification.name" value="Java Virtual Machine Specification"/>
    <property name="native.encoding" value="UTF-8"/>
    <property name="java.library.path" value="/Users/padrig/Library/Java/Extensions:/Library/Java/Extensions:/Network/Library/Java/Extensions:/System/Library/Java/Extensions:/usr/lib/java:."/>
    <property name="java.vm.info" value="mixed mode, sharing"/>
    <property name="java.vendor" value="Homebrew"/>
    <property name="java.vm.version" value="18+0"/>
    <property name="sun.io.unicode.encoding" value="UnicodeBig"/>
    <property name="java.class.version" value="62.0"/>
  </properties>
  <testcase name="shouldAnswerWithTrue" classname="com.example.AppTest" time="0.006"/>
</testsuite>